Start testing: Mar 12 16:22 CET
----------------------------------------------------------
1/1 Testing: TestElaborato
1/1 Test: TestElaborato
Command: "/Users/alessiomasala/Uni/Primo Anno/laboratorio di programmazione/elaborato Alessio Masala/build/test_elaborato"
Directory: /Users/alessiomasala/Uni/Primo Anno/laboratorio di programmazione/elaborato Alessio Masala/build
"TestElaborato" start time: Mar 12 16:22 CET
Output:
----------------------------------------------------------
[==========] Running 10 tests from 4 test suites.
[----------] Global test environment set-up.
[----------] 2 tests from UtenteTest
[ RUN      ] UtenteTest.Costruttore
[       OK ] UtenteTest.Costruttore (0 ms)
[ RUN      ] UtenteTest.Setters
[       OK ] UtenteTest.Setters (0 ms)
[----------] 2 tests from UtenteTest (0 ms total)

[----------] 1 test from TransazioneTest
[ RUN      ] TransazioneTest.Costruttore
[       OK ] TransazioneTest.Costruttore (0 ms)
[----------] 1 test from TransazioneTest (0 ms total)

[----------] 6 tests from ContoTest
[ RUN      ] ContoTest.Costruttore
[       OK ] ContoTest.Costruttore (0 ms)
[ RUN      ] ContoTest.AggiungiTransazioneIn
[       OK ] ContoTest.AggiungiTransazioneIn (0 ms)
[ RUN      ] ContoTest.AggiungiTransazioneOut
[       OK ] ContoTest.AggiungiTransazioneOut (0 ms)
[ RUN      ] ContoTest.StampaTransazioni
[       OK ] ContoTest.StampaTransazioni (0 ms)
[ RUN      ] ContoTest.StampaTransazioniFile
[       OK ] ContoTest.StampaTransazioniFile (0 ms)
[ RUN      ] ContoTest.VerificaScritturaFile
[       OK ] ContoTest.VerificaScritturaFile (0 ms)
[----------] 6 tests from ContoTest (2 ms total)

[----------] 1 test from NotificaTest
[ RUN      ] NotificaTest.RiceviNotifica
[       OK ] NotificaTest.RiceviNotifica (0 ms)
[----------] 1 test from NotificaTest (0 ms total)

[----------] Global test environment tear-down
[==========] 10 tests from 4 test suites ran. (2 ms total)
[  PASSED  ] 10 tests.
<end of output>
Test time =   0.43 sec
----------------------------------------------------------
Test Passed.
"TestElaborato" end time: Mar 12 16:22 CET
"TestElaborato" time elapsed: 00:00:00
----------------------------------------------------------

End testing: Mar 12 16:22 CET
